<?xml version="1.0" encoding="UTF-8"?>
<!-- Generated by org.testng.reporters.JUnitXMLReporter -->
<testsuite hostname="DESKTOP-25J6UA9" ignored="0" name="Test2" tests="8" failures="0" timestamp="06 Sep 2021 08:04:06 GMT" time="61.707" errors="0">
  <testcase name="tc1" time="8.833" classname="org.sample.Test3"/>
  <testcase name="tc2" time="7.288" classname="org.sample.Test3"/>
  <testcase name="tc3" time="7.568" classname="org.sample.Test3"/>
  <testcase name="tc4" time="7.494" classname="org.sample.Test3"/>
  <testcase name="tc1" time="7.351" classname="org.sample.Test4"/>
  <testcase name="tc2" time="7.77" classname="org.sample.Test4"/>
  <testcase name="tc3" time="7.907" classname="org.sample.Test4"/>
  <testcase name="tc4" time="7.428" classname="org.sample.Test4"/>
</testsuite> <!-- Test2 -->
