<?xml version="1.0" encoding="UTF-8"?>
<!-- Generated by org.testng.reporters.JUnitXMLReporter -->
<testsuite hostname="DESKTOP-25J6UA9" ignored="0" name="Test" tests="8" failures="0" timestamp="06 Sep 2021 08:00:01 GMT" time="25.288" errors="0">
  <testcase name="tc3" time="24.697" classname="org.sample.Test1"/>
  <testcase name="tc3" time="24.677" classname="org.sample.Test2"/>
  <testcase name="tc2" time="24.749" classname="org.sample.Test2"/>
  <testcase name="tc4" time="25.019" classname="org.sample.Test1"/>
  <testcase name="tc1" time="25.155" classname="org.sample.Test2"/>
  <testcase name="tc4" time="25.156" classname="org.sample.Test2"/>
  <testcase name="tc2" time="25.208" classname="org.sample.Test1"/>
  <testcase name="tc1" time="25.224" classname="org.sample.Test1"/>
</testsuite> <!-- Test -->
