<?xml version="1.0" encoding="UTF-8"?>
<!-- Generated by org.testng.reporters.JUnitXMLReporter -->
<testsuite hostname="DESKTOP-25J6UA9" ignored="0" name="Test1" tests="8" failures="0" timestamp="06 Sep 2021 08:04:06 GMT" time="61.695" errors="0">
  <testcase name="tc1" time="8.647" classname="org.sample.Test1"/>
  <testcase name="tc2" time="7.495" classname="org.sample.Test1"/>
  <testcase name="tc3" time="7.568" classname="org.sample.Test1"/>
  <testcase name="tc4" time="7.498" classname="org.sample.Test1"/>
  <testcase name="tc1" time="7.247" classname="org.sample.Test2"/>
  <testcase name="tc2" time="7.85" classname="org.sample.Test2"/>
  <testcase name="tc3" time="7.755" classname="org.sample.Test2"/>
  <testcase name="tc4" time="7.536" classname="org.sample.Test2"/>
</testsuite> <!-- Test1 -->
