<?xml version="1.0" encoding="UTF-8"?>
<testng-results skipped="0" failed="0" ignored="0" total="16" passed="16">
  <reporter-output>
  </reporter-output>
  <suite name="Suite" duration-ms="61707" started-at="2021-09-06T08:03:05Z" finished-at="2021-09-06T08:04:06Z">
    <groups>
    </groups>
    <test name="Test2" duration-ms="61707" started-at="2021-09-06T08:03:05Z" finished-at="2021-09-06T08:04:06Z">
      <class name="org.sample.Test4">
        <test-method status="PASS" signature="tc1()[pri:0, instance:org.sample.Test4@cb644e]" name="tc1" duration-ms="7351" started-at="2021-09-06T08:03:36Z" finished-at="2021-09-06T08:03:43Z">
          <reporter-output>
          </reporter-output>
        </test-method> <!-- tc1 -->
        <test-method status="PASS" signature="tc2()[pri:0, instance:org.sample.Test4@cb644e]" name="tc2" duration-ms="7770" started-at="2021-09-06T08:03:43Z" finished-at="2021-09-06T08:03:51Z">
          <reporter-output>
          </reporter-output>
        </test-method> <!-- tc2 -->
        <test-method status="PASS" signature="tc3()[pri:0, instance:org.sample.Test4@cb644e]" name="tc3" duration-ms="7907" started-at="2021-09-06T08:03:51Z" finished-at="2021-09-06T08:03:59Z">
          <reporter-output>
          </reporter-output>
        </test-method> <!-- tc3 -->
        <test-method status="PASS" signature="tc4()[pri:0, instance:org.sample.Test4@cb644e]" name="tc4" duration-ms="7428" started-at="2021-09-06T08:03:59Z" finished-at="2021-09-06T08:04:06Z">
          <reporter-output>
          </reporter-output>
        </test-method> <!-- tc4 -->
      </class> <!-- org.sample.Test4 -->
      <class name="org.sample.Test3">
        <test-method status="PASS" signature="tc1()[pri:0, instance:org.sample.Test3@5cb9f472]" name="tc1" duration-ms="8833" started-at="2021-09-06T08:03:05Z" finished-at="2021-09-06T08:03:14Z">
          <reporter-output>
          </reporter-output>
        </test-method> <!-- tc1 -->
        <test-method status="PASS" signature="tc2()[pri:0, instance:org.sample.Test3@5cb9f472]" name="tc2" duration-ms="7288" started-at="2021-09-06T08:03:14Z" finished-at="2021-09-06T08:03:21Z">
          <reporter-output>
          </reporter-output>
        </test-method> <!-- tc2 -->
        <test-method status="PASS" signature="tc3()[pri:0, instance:org.sample.Test3@5cb9f472]" name="tc3" duration-ms="7568" started-at="2021-09-06T08:03:21Z" finished-at="2021-09-06T08:03:28Z">
          <reporter-output>
          </reporter-output>
        </test-method> <!-- tc3 -->
        <test-method status="PASS" signature="tc4()[pri:0, instance:org.sample.Test3@5cb9f472]" name="tc4" duration-ms="7494" started-at="2021-09-06T08:03:28Z" finished-at="2021-09-06T08:03:36Z">
          <reporter-output>
          </reporter-output>
        </test-method> <!-- tc4 -->
      </class> <!-- org.sample.Test3 -->
    </test> <!-- Test2 -->
    <test name="Test1" duration-ms="61695" started-at="2021-09-06T08:03:05Z" finished-at="2021-09-06T08:04:06Z">
      <class name="org.sample.Test1">
        <test-method status="PASS" signature="tc1()[pri:0, instance:org.sample.Test1@4667ae56]" name="tc1" duration-ms="8647" started-at="2021-09-06T08:03:05Z" finished-at="2021-09-06T08:03:13Z">
          <reporter-output>
          </reporter-output>
        </test-method> <!-- tc1 -->
        <test-method status="PASS" signature="tc2()[pri:0, instance:org.sample.Test1@4667ae56]" name="tc2" duration-ms="7495" started-at="2021-09-06T08:03:13Z" finished-at="2021-09-06T08:03:21Z">
          <reporter-output>
          </reporter-output>
        </test-method> <!-- tc2 -->
        <test-method status="PASS" signature="tc3()[pri:0, instance:org.sample.Test1@4667ae56]" name="tc3" duration-ms="7568" started-at="2021-09-06T08:03:21Z" finished-at="2021-09-06T08:03:28Z">
          <reporter-output>
          </reporter-output>
        </test-method> <!-- tc3 -->
        <test-method status="PASS" signature="tc4()[pri:0, instance:org.sample.Test1@4667ae56]" name="tc4" duration-ms="7498" started-at="2021-09-06T08:03:28Z" finished-at="2021-09-06T08:03:36Z">
          <reporter-output>
          </reporter-output>
        </test-method> <!-- tc4 -->
      </class> <!-- org.sample.Test1 -->
      <class name="org.sample.Test2">
        <test-method status="PASS" signature="tc1()[pri:0, instance:org.sample.Test2@77cd7a0]" name="tc1" duration-ms="7247" started-at="2021-09-06T08:03:36Z" finished-at="2021-09-06T08:03:43Z">
          <reporter-output>
          </reporter-output>
        </test-method> <!-- tc1 -->
        <test-method status="PASS" signature="tc2()[pri:0, instance:org.sample.Test2@77cd7a0]" name="tc2" duration-ms="7850" started-at="2021-09-06T08:03:43Z" finished-at="2021-09-06T08:03:51Z">
          <reporter-output>
          </reporter-output>
        </test-method> <!-- tc2 -->
        <test-method status="PASS" signature="tc3()[pri:0, instance:org.sample.Test2@77cd7a0]" name="tc3" duration-ms="7755" started-at="2021-09-06T08:03:51Z" finished-at="2021-09-06T08:03:59Z">
          <reporter-output>
          </reporter-output>
        </test-method> <!-- tc3 -->
        <test-method status="PASS" signature="tc4()[pri:0, instance:org.sample.Test2@77cd7a0]" name="tc4" duration-ms="7536" started-at="2021-09-06T08:03:59Z" finished-at="2021-09-06T08:04:06Z">
          <reporter-output>
          </reporter-output>
        </test-method> <!-- tc4 -->
      </class> <!-- org.sample.Test2 -->
    </test> <!-- Test1 -->
  </suite> <!-- Suite -->
</testng-results>
